<?xml version="1.0" encoding="UTF-8"?>
<!-- Generated by org.testng.reporters.JUnitReportReporter -->
<testsuite hostname="DESKTOP-2EHB4L1" failures="0" tests="1" name="LoginTest" time="20.025" errors="0" timestamp="19 jun 2018 06:30:10 GMT+00:00" skipped="0">
  <testcase classname="LoginTest" name="test" time="20.025"/>
</testsuite> <!-- LoginTest -->
